-------------------------------------------------------------------------------
Test set: com.ejercicios.test_EjerciciosNoResueltos.ps3_29_TestNoResuelto
-------------------------------------------------------------------------------
Tests run: 2, Failures: 1, Errors: 1, Skipped: 0, Time elapsed: 0.008 s <<< FAILURE! -- in com.ejercicios.test_EjerciciosNoResueltos.ps3_29_TestNoResuelto
com.ejercicios.test_EjerciciosNoResueltos.ps3_29_TestNoResuelto.testResolverPorcentajeYGrupos -- Time elapsed: 0.004 s <<< ERROR!
java.lang.NullPointerException: Cannot read field "porcentaje" because "r" is null
	at com.ejercicios.test_EjerciciosNoResueltos.ps3_29_TestNoResuelto.testResolverPorcentajeYGrupos(ps3_29_TestNoResuelto.java:17)
	at java.base/java.lang.reflect.Method.invoke(Method.java:565)
	at java.base/java.util.ArrayList.forEach(ArrayList.java:1604)
	at java.base/java.util.ArrayList.forEach(ArrayList.java:1604)

com.ejercicios.test_EjerciciosNoResueltos.ps3_29_TestNoResuelto.testUnicefGrupoMasGrande -- Time elapsed: 0.001 s <<< FAILURE!
org.opentest4j.AssertionFailedError: expected: <3> but was: <0>
	at org.junit.jupiter.api.AssertionFailureBuilder.build(AssertionFailureBuilder.java:151)
	at org.junit.jupiter.api.AssertionFailureBuilder.buildAndThrow(AssertionFailureBuilder.java:132)
	at org.junit.jupiter.api.AssertEquals.failNotEqual(AssertEquals.java:197)
	at org.junit.jupiter.api.AssertEquals.assertEquals(AssertEquals.java:150)
	at org.junit.jupiter.api.AssertEquals.assertEquals(AssertEquals.java:145)
	at org.junit.jupiter.api.Assertions.assertEquals(Assertions.java:531)
	at com.ejercicios.test_EjerciciosNoResueltos.ps3_29_TestNoResuelto.testUnicefGrupoMasGrande(ps3_29_TestNoResuelto.java:29)
	at java.base/java.lang.reflect.Method.invoke(Method.java:565)
	at java.base/java.util.ArrayList.forEach(ArrayList.java:1604)
	at java.base/java.util.ArrayList.forEach(ArrayList.java:1604)

