-------------------------------------------------------------------------------
Test set: com.ejercicios.test_EjerciciosNoResueltos.Ejemplo1_7_TestNoResuelto
-------------------------------------------------------------------------------
Tests run: 2, Failures: 1, Errors: 0, Skipped: 0, Time elapsed: 0.073 s <<< FAILURE! -- in com.ejercicios.test_EjerciciosNoResueltos.Ejemplo1_7_TestNoResuelto
com.ejercicios.test_EjerciciosNoResueltos.Ejemplo1_7_TestNoResuelto.testSumaCuadradoBasico -- Time elapsed: 0.036 s <<< FAILURE!
org.opentest4j.AssertionFailedError: expected: <3.0> but was: <0.0>
	at org.junit.jupiter.api.AssertionFailureBuilder.build(AssertionFailureBuilder.java:151)
	at org.junit.jupiter.api.AssertionFailureBuilder.buildAndThrow(AssertionFailureBuilder.java:132)
	at org.junit.jupiter.api.AssertEquals.failNotEqual(AssertEquals.java:197)
	at org.junit.jupiter.api.AssertEquals.assertEquals(AssertEquals.java:86)
	at org.junit.jupiter.api.AssertEquals.assertEquals(AssertEquals.java:81)
	at org.junit.jupiter.api.Assertions.assertEquals(Assertions.java:1014)
	at com.ejercicios.test_EjerciciosNoResueltos.Ejemplo1_7_TestNoResuelto.testSumaCuadradoBasico(Ejemplo1_7_TestNoResuelto.java:14)
	at java.base/java.lang.reflect.Method.invoke(Method.java:565)
	at java.base/java.util.ArrayList.forEach(ArrayList.java:1604)
	at java.base/java.util.ArrayList.forEach(ArrayList.java:1604)

