-------------------------------------------------------------------------------
Test set: com.ejercicios.test_EjerciciosNoResueltos.Ejemplo3_5_TestNoResuelto
-------------------------------------------------------------------------------
Tests run: 2, Failures: 1, Errors: 0, Skipped: 0, Time elapsed: 0.011 s <<< FAILURE! -- in com.ejercicios.test_EjerciciosNoResueltos.Ejemplo3_5_TestNoResuelto
com.ejercicios.test_EjerciciosNoResueltos.Ejemplo3_5_TestNoResuelto.testCuboPositivo -- Time elapsed: 0.004 s <<< FAILURE!
org.opentest4j.AssertionFailedError: expected: <8> but was: <0>
	at org.junit.jupiter.api.AssertionFailureBuilder.build(AssertionFailureBuilder.java:151)
	at org.junit.jupiter.api.AssertionFailureBuilder.buildAndThrow(AssertionFailureBuilder.java:132)
	at org.junit.jupiter.api.AssertEquals.failNotEqual(AssertEquals.java:197)
	at org.junit.jupiter.api.AssertEquals.assertEquals(AssertEquals.java:166)
	at org.junit.jupiter.api.AssertEquals.assertEquals(AssertEquals.java:161)
	at org.junit.jupiter.api.Assertions.assertEquals(Assertions.java:632)
	at com.ejercicios.test_EjerciciosNoResueltos.Ejemplo3_5_TestNoResuelto.testCuboPositivo(Ejemplo3_5_TestNoResuelto.java:12)
	at java.base/java.lang.reflect.Method.invoke(Method.java:565)
	at java.base/java.util.ArrayList.forEach(ArrayList.java:1604)
	at java.base/java.util.ArrayList.forEach(ArrayList.java:1604)

