-------------------------------------------------------------------------------
Test set: com.ejercicios.test_EjerciciosNoResueltos.Problema3_16_TestNoResuelto
-------------------------------------------------------------------------------
Tests run: 1, Failures: 0, Errors: 1, Skipped: 0, Time elapsed: 0.007 s <<< FAILURE! -- in com.ejercicios.test_EjerciciosNoResueltos.Problema3_16_TestNoResuelto
com.ejercicios.test_EjerciciosNoResueltos.Problema3_16_TestNoResuelto.testResolverConMatrizPequena -- Time elapsed: 0.005 s <<< ERROR!
java.lang.NullPointerException: Cannot invoke "java.lang.Integer.intValue()" because the return value of "java.util.Map.get(Object)" is null
	at com.ejercicios.test_EjerciciosNoResueltos.Problema3_16_TestNoResuelto.testResolverConMatrizPequena(Problema3_16_TestNoResuelto.java:27)
	at java.base/java.lang.reflect.Method.invoke(Method.java:565)
	at java.base/java.util.ArrayList.forEach(ArrayList.java:1604)
	at java.base/java.util.ArrayList.forEach(ArrayList.java:1604)

